<?xml version="1.0" encoding="UTF-8"?>
<!-- Generated by org.testng.reporters.JUnitReportReporter -->
<testsuite skipped="0" hostname="LAPTOP-K3LHCA2H" name="deckofcards_tests.NewDeck_jockerPOST" tests="1" failures="0" timestamp="17 Jun 2020 21:05:17 GMT" time="1.043" errors="0">
  <testcase name="newDeck_jockerPost" time="1.043" classname="deckofcards_tests.NewDeck_jockerPOST"/>
</testsuite> <!-- deckofcards_tests.NewDeck_jockerPOST -->
