<?xml version="1.0" encoding="UTF-8"?>
<!-- Generated by org.testng.reporters.JUnitReportReporter -->
<testsuite skipped="0" hostname="LAPTOP-K3LHCA2H" name="deckofcards_tests.NewDeck_GET" tests="2" failures="0" timestamp="17 Jun 2020 16:29:43 GMT" time="2.147" errors="0">
  <testcase name="newDeck_happyPath" time="1.754" classname="deckofcards_tests.NewDeck_GET"/>
  <testcase name="newDeck_Post" time="0.393" classname="deckofcards_tests.NewDeck_GET"/>
</testsuite> <!-- deckofcards_tests.NewDeck_GET -->
