<?xml version="1.0" encoding="UTF-8"?>
<!-- Generated by org.testng.reporters.JUnitReportReporter -->
<testsuite skipped="0" hostname="LAPTOP-K3LHCA2H" name="deckofcards_tests.NewDeck_jokerGET" tests="1" failures="0" timestamp="17 Jun 2020 21:05:17 GMT" time="0.455" errors="0">
  <testcase name="newDeck_jokerGet" time="0.455" classname="deckofcards_tests.NewDeck_jokerGET"/>
</testsuite> <!-- deckofcards_tests.NewDeck_jokerGET -->
