<?xml version="1.0" encoding="UTF-8"?>
<!-- Generated by org.testng.reporters.JUnitReportReporter -->
<testsuite skipped="0" hostname="LAPTOP-K3LHCA2H" name="deckofcards_tests.Draw_GET" tests="1" failures="0" timestamp="17 Jun 2020 21:05:17 GMT" time="1.147" errors="0">
  <testcase name="drawOne" time="1.147" classname="deckofcards_tests.Draw_GET"/>
</testsuite> <!-- deckofcards_tests.Draw_GET -->
