<?xml version="1.0" encoding="UTF-8"?>
<!-- Generated by org.testng.reporters.JUnitReportReporter -->
<testsuite skipped="0" hostname="LAPTOP-K3LHCA2H" name="deckofcards_tests.NewDeck_GET" tests="2" failures="0" timestamp="17 Jun 2020 21:05:17 GMT" time="1.812" errors="0">
  <testcase name="newDeck_Post" time="0.224" classname="deckofcards_tests.NewDeck_GET"/>
  <testcase name="newDeck_happyPath" time="1.588" classname="deckofcards_tests.NewDeck_GET"/>
</testsuite> <!-- deckofcards_tests.NewDeck_GET -->
